<?xml version="1.0" encoding="UTF-8"?>
<!-- Generated by org.testng.reporters.JUnitReportReporter -->
<testsuite hostname="TheClaw17" failures="0" tests="1" name="testFW.tests.ErrorValidationTest" time="7.084" errors="0" timestamp="2024-09-06T15:22:54 IST" skipped="0">
  <testcase classname="testFW.tests.ErrorValidationTest" name="ProductErrorValidation" time="7.084"/>
</testsuite> <!-- testFW.tests.ErrorValidationTest -->
