<?xml version="1.0" encoding="UTF-8"?>
<!-- Generated by org.testng.reporters.JUnitReportReporter -->
<testsuite hostname="TheClaw17" failures="0" tests="3" name="testFW.tests.SubmitOrderTest" time="18.469" errors="0" timestamp="2024-09-08T09:42:38 IST" skipped="0">
  <testcase classname="testFW.tests.SubmitOrderTest" name="submitOrder" time="8.728"/>
  <testcase classname="testFW.tests.SubmitOrderTest" name="submitOrder" time="6.152"/>
  <testcase classname="testFW.tests.SubmitOrderTest" name="OrderHistoryTest" time="3.589"/>
</testsuite> <!-- testFW.tests.SubmitOrderTest -->
