<?xml version="1.0" encoding="UTF-8"?>
<!-- Generated by org.testng.reporters.JUnitReportReporter -->
<testsuite hostname="TheClaw17" failures="0" tests="1" name="cucumber.TestNGRunner" time="6.017" errors="0" timestamp="2024-09-09T18:48:17 IST" skipped="0">
  <testcase classname="cucumber.TestNGRunner" name="runScenario" time="6.017"/>
</testsuite> <!-- cucumber.TestNGRunner -->
