<?xml version="1.0" encoding="UTF-8"?>
<!-- Generated by org.testng.reporters.JUnitReportReporter -->
<testsuite hostname="TheClaw17" failures="0" tests="2" name="testFW.tests.ErrorValidation" time="11.855" errors="0" timestamp="2024-09-05T12:08:01 IST" skipped="0">
  <testcase classname="testFW.tests.ErrorValidation" name="ProductErrorValidation" time="9.082"/>
  <testcase classname="testFW.tests.ErrorValidation" name="LoginErrorValidation" time="2.773"/>
</testsuite> <!-- testFW.tests.ErrorValidation -->
