<?xml version="1.0" encoding="UTF-8"?>
<!-- Generated by org.testng.reporters.JUnitReportReporter -->
<testsuite hostname="TheClaw17" failures="0" tests="3" name="testFW.tests.SubmitOrderTest" time="18.156" errors="0" timestamp="2024-09-08T09:39:44 IST" skipped="0">
  <testcase classname="testFW.tests.SubmitOrderTest" name="OrderHistoryTest" time="4.328"/>
  <testcase classname="testFW.tests.SubmitOrderTest" name="submitOrder" time="6.462"/>
  <testcase classname="testFW.tests.SubmitOrderTest" name="submitOrder" time="7.366"/>
</testsuite> <!-- testFW.tests.SubmitOrderTest -->
